Arguments: 
  C:\Program Files\nodejs\node.exe C:\Program Files (x86)\Yarn\bin\yarn.js

PATH: 
  C:\Users\Nhien\bin;C:\Program Files\Git\mingw64\bin;C:\Program Files\Git\usr\local\bin;C:\Program Files\Git\usr\bin;C:\Program Files\Git\usr\bin;C:\Program Files\Git\mingw64\bin;C:\Program Files\Git\usr\bin;C:\Users\Nhien\bin;C:\Program Files\AdoptOpenJDK\jdk-11.0.10.9-hotspot\bin;C:\Program Files (x86)\Common Files\Oracle\Java\javapath;C:\Windows\system32;C:\Windows;C:\Windows\System32\Wbem;C:\Windows\System32\WindowsPowerShell\v1.0;C:\Windows\System32\OpenSSH;C:\Program Files\Java\apache-maven-3.6.3\bin;C:\Program Files\Git\cmd;C:\Program Files\Docker\Docker\resources\bin;C:\ProgramData\DockerDesktop\version-bin;C:\Program Files (x86)\Yarn\bin;C:\Program Files\nodejs;C:\Program Files\dotnet;C:\Program Files (x86)\dotnet;C:\Program Files\PuTTY;C:\Program Files (x86)\scala\bin;C:\Program Files (x86)\sbt\bin;C:\Program Files\Java\jdk1.8.0_271\bin;C:\Program Files\Amazon\AWSCLIV2;C:\Program Files\Amazon\AWSSAMCLI\bin;C:\Users\Nhien\.windows-build-tools\python27;C:\Users\Nhien\AppData\Local\Programs\Python\Python39\Scripts;C:\Users\Nhien\AppData\Local\Programs\Python\Python39;C:\Users\Nhien\AppData\Local\Microsoft\WindowsApps;C:\Users\Nhien\AppData\Local\Programs\Microsoft VS Code\bin;C:\Users\Nhien\AppData\Roaming\npm;C:\Program Files (x86)\GnuWin32\bin;D:\BCMS\tegoproject041\ffmpeg-N-101898-gd393c45051-win64-gpl-shared\ffmpeg-N-101898-gd393c45051-win64-gpl-shared\bin;C:\Program Files\Git\usr\bin\vendor_perl;C:\Program Files\Git\usr\bin\core_perl

Yarn version: 
  1.22.5

Node version: 
  12.19.0

Platform: 
  win32 x64

Trace: 
  Error: EACCES: permission denied, lstat 'D:\BCMS\tegoJ002\soccer_db\mysql.sock'

npm manifest: 
  {
    "name": "amazon-chime-sdk-js-demos",
    "version": "0.1.0",
    "description": "Amazon Chime SDK JavaScript Demos",
    "scripts": {
      "deps": "cd ../.. && npm run build",
      "build:fast": "tsc && webpack --config ./webpack.config.js",
      "build": "npm run deps && npm install && npm run build:fast",
      "start:fast": "npm run build:fast && node serve.js",
      "start:hot": "tsc && webpack-cli serve --config ./webpack.config.js",
      "start": "npm run deps && npm install && npm install aws-sdk && npm run start:fast"
    },
    "devDependencies": {
      "@types/jquery": "^3.5.1",
      "autoprefixer": "^9.6.4",
      "css-loader": "^4.3.0",
      "file-loader": "^6.1.0",
      "html-webpack-inline-source-plugin": "^0.0.10",
      "html-webpack-plugin": "^3.2.0",
      "markdown-it": "^11.0.1",
      "node-sass": "^4.14.1",
      "open-iconic": "^1.1.1",
      "postcss-loader": "^3.0.0",
      "precss": "^4.0.0",
      "raw-loader": "^4.0.1",
      "sass": "^1.26.11",
      "sass-loader": "^10.0.2",
      "style-loader": "^1.2.1",
      "ts-loader": "^8.1.0",
      "typescript": "^4.2.3",
      "webpack": "^4.44.2",
      "webpack-cli": "^4.6.0",
      "webpack-dev-server": "^3.11.2"
    },
    "dependencies": {
      "@webpack-cli/init": "^1.1.3",
      "amazon-chime-sdk-js": "file:../..",
      "aws-sdk": "^2.885.0",
      "aws4-axios": "^2.3.1",
      "axios": "^0.21.1",
      "bootstrap": "^4.5.2",
      "compression": "^1.7.4",
      "jquery": "^3.5.1",
      "lodash": "^4.17.20",
      "popper.js": "^1.15.0"
    },
    "license": "Apache-2.0"
  }

yarn manifest: 
  No manifest

Lockfile: 
  No lockfile
